INFO: checking out_of_order...
INFO:     out_of_order check complete (0.000639 sec).
INFO: checking system...
INFO:     system check complete (0.000017 sec).
INFO: checking solvers...
INFO:     solvers check complete (0.000128 sec).
INFO: checking dup_inputs...
INFO:     dup_inputs check complete (0.000039 sec).
INFO: checking missing_recorders...
INFO:     missing_recorders check complete (0.000004 sec).
INFO: checking unserializable_options...
INFO:     unserializable_options check complete (0.000149 sec).
INFO: checking comp_has_no_outputs...
INFO:     comp_has_no_outputs check complete (0.000042 sec).
INFO: checking auto_ivc_warnings...
INFO:     auto_ivc_warnings check complete (0.000004 sec).
INFO: checking out_of_order...
INFO:     out_of_order check complete (0.000153 sec).
INFO: checking system...
INFO:     system check complete (0.000015 sec).
INFO: checking solvers...
INFO:     solvers check complete (0.000134 sec).
INFO: checking dup_inputs...
INFO:     dup_inputs check complete (0.000041 sec).
INFO: checking missing_recorders...
INFO:     missing_recorders check complete (0.000003 sec).
INFO: checking unserializable_options...
INFO:     unserializable_options check complete (0.000087 sec).
INFO: checking comp_has_no_outputs...
INFO:     comp_has_no_outputs check complete (0.000030 sec).
INFO: checking auto_ivc_warnings...
INFO:     auto_ivc_warnings check complete (0.000003 sec).
INFO: checking out_of_order...
INFO:     out_of_order check complete (0.000245 sec).
INFO: checking system...
INFO:     system check complete (0.000017 sec).
INFO: checking solvers...
INFO:     solvers check complete (0.000306 sec).
INFO: checking dup_inputs...
INFO:     dup_inputs check complete (0.000045 sec).
INFO: checking missing_recorders...
INFO:     missing_recorders check complete (0.000002 sec).
INFO: checking unserializable_options...
INFO:     unserializable_options check complete (0.000169 sec).
INFO: checking comp_has_no_outputs...
INFO:     comp_has_no_outputs check complete (0.000039 sec).
INFO: checking auto_ivc_warnings...
INFO:     auto_ivc_warnings check complete (0.000004 sec).
INFO: checking out_of_order...
INFO:     out_of_order check complete (0.000174 sec).
INFO: checking system...
INFO:     system check complete (0.000013 sec).
INFO: checking solvers...
INFO:     solvers check complete (0.000128 sec).
INFO: checking dup_inputs...
INFO:     dup_inputs check complete (0.000044 sec).
INFO: checking missing_recorders...
INFO:     missing_recorders check complete (0.000002 sec).
INFO: checking unserializable_options...
INFO:     unserializable_options check complete (0.000139 sec).
INFO: checking comp_has_no_outputs...
INFO:     comp_has_no_outputs check complete (0.000032 sec).
INFO: checking auto_ivc_warnings...
INFO:     auto_ivc_warnings check complete (0.000002 sec).
